<?xml version="1.0" encoding="UTF-8"?>
<testng-results skipped="0" failed="0" ignored="0" total="1" passed="1">
  <reporter-output>
  </reporter-output>
  <suite name="Default suite" duration-ms="2859" started-at="2022-01-25T13:30:17 EST" finished-at="2022-01-25T13:30:19 EST">
    <groups>
    </groups>
    <test name="Default test" duration-ms="2859" started-at="2022-01-25T13:30:17 EST" finished-at="2022-01-25T13:30:19 EST">
      <class name="com.Reqres.InApi.TestCases.TC_Post_Request">
        <test-method status="PASS" signature="createNewUsers()[pri:0, instance:com.Reqres.InApi.TestCases.TC_Post_Request@184f6be2]" name="createNewUsers" duration-ms="2803" started-at="2022-01-25T13:30:17 EST" finished-at="2022-01-25T13:30:19 EST">
          <reporter-output>
          </reporter-output>
        </test-method> <!-- createNewUsers -->
      </class> <!-- com.Reqres.InApi.TestCases.TC_Post_Request -->
    </test> <!-- Default test -->
  </suite> <!-- Default suite -->
</testng-results>
